<?xml version="1.0" encoding="UTF-8"?>
<!-- Generated by org.testng.reporters.JUnitReportReporter -->
<testsuite hostname="Test-Amitverma" name="com.icreon.res_allocqa.tests.admin.CoeTest" tests="6" failures="0" timestamp="25 Oct 2016 06:34:23 GMT" time="22.545" errors="0">
  <testcase name="testSearchByStatusActive" time="3.423" classname="com.icreon.res_allocqa.tests.admin.CoeTest"/>
  <testcase name="testSearchCOEByName" time="3.966" classname="com.icreon.res_allocqa.tests.admin.CoeTest"/>
  <testcase name="testSortingByCOEDescending" time="5.588" classname="com.icreon.res_allocqa.tests.admin.CoeTest"/>
  <testcase name="testSortingByCOEAscending" time="3.969" classname="com.icreon.res_allocqa.tests.admin.CoeTest"/>
  <testcase name="testSearchByStatusAInative" time="3.502" classname="com.icreon.res_allocqa.tests.admin.CoeTest"/>
  <testcase name="testCOEPagination" time="2.097" classname="com.icreon.res_allocqa.tests.admin.CoeTest"/>
</testsuite> <!-- com.icreon.res_allocqa.tests.admin.CoeTest -->
