<?xml version="1.0" encoding="UTF-8"?>
<!-- Generated by org.testng.reporters.JUnitReportReporter -->
<testsuite hostname="Test-Amitverma" name="com.icreon.res_allocqa.tests.admin.ClientsTest" tests="1" failures="0" timestamp="24 Oct 2016 12:51:56 GMT" time="2.029" errors="0">
  <testcase name="testClientPagination" time="2.029" classname="com.icreon.res_allocqa.tests.admin.ClientsTest"/>
</testsuite> <!-- com.icreon.res_allocqa.tests.admin.ClientsTest -->
