<?xml version="1.0" encoding="UTF-8"?>
<!-- Generated by org.testng.reporters.JUnitReportReporter -->
<testsuite hostname="Test-Amitverma" name="com.icreon.res_allocqa.tests.admin.ClientsTest" tests="12" failures="0" timestamp="25 Oct 2016 06:34:23 GMT" time="56.948" errors="0">
  <testcase name="testSearchClientByStatusActive" time="3.546" classname="com.icreon.res_allocqa.tests.admin.ClientsTest"/>
  <testcase name="testSortingClientByNameAscending" time="5.791" classname="com.icreon.res_allocqa.tests.admin.ClientsTest"/>
  <testcase name="testClientPagination" time="2.067" classname="com.icreon.res_allocqa.tests.admin.ClientsTest"/>
  <testcase name="testSearchClientByCountry" time="4.213" classname="com.icreon.res_allocqa.tests.admin.ClientsTest"/>
  <testcase name="testSortingClientByNameDescending" time="7.077" classname="com.icreon.res_allocqa.tests.admin.ClientsTest"/>
  <testcase name="testSortingClientByCountryAscending" time="5.366" classname="com.icreon.res_allocqa.tests.admin.ClientsTest"/>
  <testcase name="testSortingClientByAccOwnerDescending" time="6.287" classname="com.icreon.res_allocqa.tests.admin.ClientsTest"/>
  <testcase name="testSearchClientByAccOwner" time="3.720" classname="com.icreon.res_allocqa.tests.admin.ClientsTest"/>
  <testcase name="testSortingClientByCountryDescending" time="7.060" classname="com.icreon.res_allocqa.tests.admin.ClientsTest"/>
  <testcase name="testSearchClientByStatusInactive" time="3.989" classname="com.icreon.res_allocqa.tests.admin.ClientsTest"/>
  <testcase name="testSortingClientByAccOwnerAscending" time="4.672" classname="com.icreon.res_allocqa.tests.admin.ClientsTest"/>
  <testcase name="testSearchClientByName" time="3.160" classname="com.icreon.res_allocqa.tests.admin.ClientsTest"/>
</testsuite> <!-- com.icreon.res_allocqa.tests.admin.ClientsTest -->
