<?xml version="1.0" encoding="UTF-8"?>
<!-- Generated by org.testng.reporters.JUnitReportReporter -->
<testsuite hostname="Test-Amitverma" name="com.icreon.res_allocqa.tests.admin.SkillTest" tests="1" failures="0" timestamp="24 Oct 2016 12:51:56 GMT" time="2.442" errors="0">
  <testcase name="testCOEPagination" time="2.442" classname="com.icreon.res_allocqa.tests.admin.SkillTest"/>
</testsuite> <!-- com.icreon.res_allocqa.tests.admin.SkillTest -->
