<?xml version="1.0" encoding="UTF-8"?>
<!-- Generated by org.testng.reporters.JUnitReportReporter -->
<testsuite hostname="Test-Amitverma" name="com.icreon.res_allocqa.tests.admin.SkillTest" tests="9" failures="0" timestamp="25 Oct 2016 06:34:23 GMT" time="42.974" errors="0">
  <testcase name="testSortingSkillByCOEDescending" time="7.012" classname="com.icreon.res_allocqa.tests.admin.SkillTest"/>
  <testcase name="testCOEPagination" time="2.571" classname="com.icreon.res_allocqa.tests.admin.SkillTest"/>
  <testcase name="testSearchByStatusAInative" time="3.378" classname="com.icreon.res_allocqa.tests.admin.SkillTest"/>
  <testcase name="testSortingSkillByNameDescending" time="7.546" classname="com.icreon.res_allocqa.tests.admin.SkillTest"/>
  <testcase name="testSearchSkillByName" time="3.786" classname="com.icreon.res_allocqa.tests.admin.SkillTest"/>
  <testcase name="testSortingSkillByCOEAscending" time="5.761" classname="com.icreon.res_allocqa.tests.admin.SkillTest"/>
  <testcase name="testSortingSkillByNameAscending" time="5.666" classname="com.icreon.res_allocqa.tests.admin.SkillTest"/>
  <testcase name="testSearchSkillByCOE" time="3.437" classname="com.icreon.res_allocqa.tests.admin.SkillTest"/>
  <testcase name="testSearchByStatusActive" time="3.817" classname="com.icreon.res_allocqa.tests.admin.SkillTest"/>
</testsuite> <!-- com.icreon.res_allocqa.tests.admin.SkillTest -->
