<?xml version="1.0" encoding="UTF-8"?>
<!-- Generated by org.testng.reporters.JUnitReportReporter -->
<testsuite hostname="Test-Amitverma" name="com.icreon.res_allocqa.tests.CoeTest" tests="2" failures="0" timestamp="7 Oct 2016 11:27:23 GMT" time="4.833" errors="0">
  <testcase name="navigateToManageSkillCOE" time="0.763" classname="com.icreon.res_allocqa.tests.CoeTest"/>
  <testcase name="checkURLStatusCodes" time="4.070" classname="com.icreon.res_allocqa.tests.CoeTest"/>
</testsuite> <!-- com.icreon.res_allocqa.tests.CoeTest -->
