<?xml version="1.0" encoding="UTF-8"?>
<!-- Generated by org.testng.reporters.JUnitReportReporter -->
<testsuite hostname="Test-Amitverma" name="com.icreon.res_allocqa.tests.LoginTest" tests="1" failures="0" timestamp="24 Oct 2016 12:51:56 GMT" time="2.391" errors="0">
  <testcase name="testLogin" time="2.391" classname="com.icreon.res_allocqa.tests.LoginTest"/>
</testsuite> <!-- com.icreon.res_allocqa.tests.LoginTest -->
