<?xml version="1.0" encoding="UTF-8"?>
<!-- Generated by org.testng.reporters.JUnitReportReporter -->
<testsuite hostname="Test-Amitverma" name="com.icreon.res_allocqa.tests.LogoutTest" tests="1" failures="0" timestamp="25 Oct 2016 06:34:23 GMT" time="1.697" errors="0">
  <testcase name="testLogout" time="1.697" classname="com.icreon.res_allocqa.tests.LogoutTest"/>
</testsuite> <!-- com.icreon.res_allocqa.tests.LogoutTest -->
