<?xml version="1.0" encoding="UTF-8"?>
<!-- Generated by org.testng.reporters.JUnitReportReporter -->
<testsuite hostname="Test-Amitverma" name="com.icreon.res_allocqa.tests.admin.RoleMappingTest" tests="13" failures="0" timestamp="25 Oct 2016 06:34:23 GMT" time="58.076" errors="0">
  <testcase name="testSortingRoleByNameAscending" time="4.342" classname="com.icreon.res_allocqa.tests.admin.RoleMappingTest"/>
  <testcase name="testSortingRoleByEmailDescending" time="5.974" classname="com.icreon.res_allocqa.tests.admin.RoleMappingTest"/>
  <testcase name="testRolePagination" time="2.053" classname="com.icreon.res_allocqa.tests.admin.RoleMappingTest"/>
  <testcase name="testSearchRoleByStatusActive" time="3.224" classname="com.icreon.res_allocqa.tests.admin.RoleMappingTest"/>
  <testcase name="testSortingRoleByEmailAscending" time="4.743" classname="com.icreon.res_allocqa.tests.admin.RoleMappingTest"/>
  <testcase name="testSortingRoleByDesignationDescending" time="6.030" classname="com.icreon.res_allocqa.tests.admin.RoleMappingTest"/>
  <testcase name="testSearchRoleByEmpID" time="3.399" classname="com.icreon.res_allocqa.tests.admin.RoleMappingTest"/>
  <testcase name="testSortingRoleByEmpIdAscending" time="4.846" classname="com.icreon.res_allocqa.tests.admin.RoleMappingTest"/>
  <testcase name="testSortingRoleByEmpIdDescending" time="5.919" classname="com.icreon.res_allocqa.tests.admin.RoleMappingTest"/>
  <testcase name="testSearchRoleByStatusInactive" time="3.633" classname="com.icreon.res_allocqa.tests.admin.RoleMappingTest"/>
  <testcase name="testSortingRoleByDesignationAscending" time="4.828" classname="com.icreon.res_allocqa.tests.admin.RoleMappingTest"/>
  <testcase name="testSearchRoleByName" time="3.112" classname="com.icreon.res_allocqa.tests.admin.RoleMappingTest"/>
  <testcase name="testSortingRoleByNameDescending" time="5.973" classname="com.icreon.res_allocqa.tests.admin.RoleMappingTest"/>
</testsuite> <!-- com.icreon.res_allocqa.tests.admin.RoleMappingTest -->
